<?xml version="1.0" encoding="UTF-8"?>
<!-- Generated by org.testng.reporters.JUnitReportReporter -->
<testsuite skipped="0" hostname="vaibs-pc" name="appTest.AppTest" tests="2" failures="0" timestamp="2021-10-13T10:55:41 IST" time="0.029" errors="0">
  <testcase name="invalidLoginTest" time="0.027" classname="appTest.AppTest"/>
  <system-out/>
  <testcase name="validLoginTest" time="0.002" classname="appTest.AppTest"/>
  <system-out/>
</testsuite> <!-- appTest.AppTest -->
