<?xml version="1.0" encoding="UTF-8"?>
<!-- Generated by org.testng.reporters.JUnitReportReporter -->
<testsuite hostname="vaibs-pc" failures="0" tests="1" name="appTest.SeleniumDev" time="1.660" errors="0" timestamp="2021-10-13T17:52:54 IST" skipped="0">
  <testcase classname="appTest.SeleniumDev" name="titleTest" time="1.660"/>
  <system-out/>
</testsuite> <!-- appTest.SeleniumDev -->
