<?xml version="1.0" encoding="UTF-8"?>
<!-- Generated by org.testng.reporters.JUnitReportReporter -->
<testsuite hostname="vaibs-pc" failures="0" tests="1" name="appTest.NumberComparison" time="0.000" errors="0" timestamp="2021-10-13T15:03:28 IST" skipped="0">
  <testcase classname="appTest.NumberComparison" name="intcomparsion" time="0.000"/>
  <system-out/>
</testsuite> <!-- appTest.NumberComparison -->
