<?xml version="1.0" encoding="UTF-8"?>
<!-- Generated by org.testng.reporters.JUnitReportReporter -->
<testsuite hostname="vaibs-pc" failures="0" tests="1" name="appTest.NumberComparison" time="0.001" errors="0" timestamp="2021-10-13T17:52:54 IST" skipped="0">
  <testcase classname="appTest.NumberComparison" name="intcomparsion" time="0.001"/>
  <system-out/>
</testsuite> <!-- appTest.NumberComparison -->
