<?xml version="1.0" encoding="UTF-8"?>
<!-- Generated by org.testng.reporters.JUnitReportReporter -->
<testsuite hostname="vaibs-pc" failures="0" tests="2" name="appTest.AppTest" time="0.006" errors="0" timestamp="2021-10-13T15:03:28 IST" skipped="0">
  <testcase classname="appTest.AppTest" name="validLoginTest" time="0.000"/>
  <system-out/>
  <testcase classname="appTest.AppTest" name="invalidLoginTest" time="0.006"/>
  <system-out/>
</testsuite> <!-- appTest.AppTest -->
