<?xml version="1.0" encoding="UTF-8"?>
<!-- Generated by org.testng.reporters.JUnitReportReporter -->
<testsuite hostname="vaibs-pc" failures="0" tests="2" name="appTest.AppTest" time="0.010" errors="0" timestamp="2021-10-13T17:52:54 IST" skipped="0">
  <testcase classname="appTest.AppTest" name="validLoginTest" time="0.001"/>
  <system-out/>
  <testcase classname="appTest.AppTest" name="invalidLoginTest" time="0.009"/>
  <system-out/>
</testsuite> <!-- appTest.AppTest -->
